[0m02:24:02.757120 [debug] [MainThread]: Sending event: {'category': 'dbt', 'action': 'invocation', 'label': 'start', 'context': [<snowplow_tracker.self_describing_json.SelfDescribingJson object at 0x104f9b680>, <snowplow_tracker.self_describing_json.SelfDescribingJson object at 0x106a9dbb0>, <snowplow_tracker.self_describing_json.SelfDescribingJson object at 0x106a9d700>]}


============================== 02:24:02.759495 | d6382dee-5e60-4528-a7c7-a9d4a2c70e64 ==============================
[0m02:24:02.759495 [info ] [MainThread]: Running with dbt=1.8.7
[0m02:24:02.759802 [debug] [MainThread]: running dbt with arguments {'printer_width': '80', 'indirect_selection': 'eager', 'write_json': 'True', 'log_cache_events': 'False', 'partial_parse': 'True', 'cache_selected_only': 'False', 'profiles_dir': '/Users/pratiksharao/.dbt', 'debug': 'False', 'fail_fast': 'False', 'log_path': 'logs', 'warn_error': 'None', 'version_check': 'False', 'use_colors': 'True', 'use_experimental_parser': 'False', 'no_print': 'None', 'quiet': 'False', 'empty': 'None', 'warn_error_options': 'WarnErrorOptions(include=[], exclude=[])', 'static_parser': 'True', 'invocation_command': 'dbt init --no-version-check --skip-profile-setup dbt_project', 'introspect': 'True', 'target_path': 'None', 'log_format': 'default', 'send_anonymous_usage_stats': 'True'}
[0m02:24:02.768432 [debug] [MainThread]: Starter project path: /Users/pratiksharao/Desktop/Tech4Dev/Hack4Impact/Onboard-Mate/.venv/lib/python3.12/site-packages/dbt/include/starter_project
[0m02:24:02.772716 [info ] [MainThread]: 
Your new dbt project "dbt_project" was created!

For more information on how to configure the profiles.yml file,
please consult the dbt documentation here:

  https://docs.getdbt.com/docs/configure-your-profile

One more thing:

Need help? Don't hesitate to reach out to us via GitHub issues or on Slack:

  https://community.getdbt.com/

Happy modeling!

[0m02:24:02.774105 [debug] [MainThread]: Resource report: {"command_name": "init", "command_success": true, "command_wall_clock_time": 0.051066086, "process_user_time": 0.591073, "process_kernel_time": 0.092083, "process_mem_max_rss": "90898432", "process_in_blocks": "0", "process_out_blocks": "0"}
[0m02:24:02.774395 [debug] [MainThread]: Command `dbt init` succeeded at 02:24:02.774343 after 0.05 seconds
[0m02:24:02.774566 [debug] [MainThread]: Sending event: {'category': 'dbt', 'action': 'invocation', 'label': 'end', 'context': [<snowplow_tracker.self_describing_json.SelfDescribingJson object at 0x106411eb0>, <snowplow_tracker.self_describing_json.SelfDescribingJson object at 0x104f9b680>, <snowplow_tracker.self_describing_json.SelfDescribingJson object at 0x106ac65a0>]}
[0m02:24:02.774727 [debug] [MainThread]: Flushing usage events
[0m02:36:41.732037 [debug] [MainThread]: Sending event: {'category': 'dbt', 'action': 'invocation', 'label': 'start', 'context': [<snowplow_tracker.self_describing_json.SelfDescribingJson object at 0x106f0ec00>, <snowplow_tracker.self_describing_json.SelfDescribingJson object at 0x107e2d8e0>, <snowplow_tracker.self_describing_json.SelfDescribingJson object at 0x107e2d5b0>]}


============================== 02:36:41.734308 | 63f0b2e0-f9ef-46ed-a20a-3acd134ffb61 ==============================
[0m02:36:41.734308 [info ] [MainThread]: Running with dbt=1.8.7
[0m02:36:41.734592 [debug] [MainThread]: running dbt with arguments {'printer_width': '80', 'indirect_selection': 'eager', 'write_json': 'True', 'log_cache_events': 'False', 'partial_parse': 'True', 'cache_selected_only': 'False', 'profiles_dir': '/Users/pratiksharao/.dbt', 'fail_fast': 'False', 'version_check': 'False', 'log_path': 'logs', 'debug': 'False', 'warn_error': 'None', 'use_colors': 'True', 'use_experimental_parser': 'False', 'empty': 'None', 'quiet': 'False', 'no_print': 'None', 'log_format': 'default', 'invocation_command': 'dbt init --no-version-check --skip-profile-setup dbt_project', 'warn_error_options': 'WarnErrorOptions(include=[], exclude=[])', 'static_parser': 'True', 'target_path': 'None', 'introspect': 'True', 'send_anonymous_usage_stats': 'True'}
[0m02:36:41.743137 [debug] [MainThread]: Starter project path: /Users/pratiksharao/Desktop/Tech4Dev/Hack4Impact/Onboard-Mate/.venv/lib/python3.12/site-packages/dbt/include/starter_project
[0m02:36:41.747558 [info ] [MainThread]: 
Your new dbt project "dbt_project" was created!

For more information on how to configure the profiles.yml file,
please consult the dbt documentation here:

  https://docs.getdbt.com/docs/configure-your-profile

One more thing:

Need help? Don't hesitate to reach out to us via GitHub issues or on Slack:

  https://community.getdbt.com/

Happy modeling!

[0m02:36:41.748945 [debug] [MainThread]: Resource report: {"command_name": "init", "command_success": true, "command_wall_clock_time": 0.049069706, "process_user_time": 0.57914, "process_kernel_time": 0.082377, "process_mem_max_rss": "92749824", "process_in_blocks": "0", "process_out_blocks": "0"}
[0m02:36:41.749224 [debug] [MainThread]: Command `dbt init` succeeded at 02:36:41.749175 after 0.05 seconds
[0m02:36:41.749397 [debug] [MainThread]: Sending event: {'category': 'dbt', 'action': 'invocation', 'label': 'end', 'context': [<snowplow_tracker.self_describing_json.SelfDescribingJson object at 0x107b16510>, <snowplow_tracker.self_describing_json.SelfDescribingJson object at 0x107e2ddf0>, <snowplow_tracker.self_describing_json.SelfDescribingJson object at 0x107b3b8c0>]}
[0m02:36:41.749553 [debug] [MainThread]: Flushing usage events
[0m02:44:56.711010 [debug] [MainThread]: Sending event: {'category': 'dbt', 'action': 'invocation', 'label': 'start', 'context': [<snowplow_tracker.self_describing_json.SelfDescribingJson object at 0x108266540>, <snowplow_tracker.self_describing_json.SelfDescribingJson object at 0x108c156d0>, <snowplow_tracker.self_describing_json.SelfDescribingJson object at 0x108c15340>]}


============================== 02:44:56.713521 | f03d8362-b4df-4638-adea-4d78bf96a6b4 ==============================
[0m02:44:56.713521 [info ] [MainThread]: Running with dbt=1.8.7
[0m02:44:56.713830 [debug] [MainThread]: running dbt with arguments {'printer_width': '80', 'indirect_selection': 'eager', 'log_cache_events': 'False', 'write_json': 'True', 'partial_parse': 'True', 'cache_selected_only': 'False', 'profiles_dir': '/Users/pratiksharao/.dbt', 'debug': 'False', 'version_check': 'False', 'log_path': 'logs', 'fail_fast': 'False', 'warn_error': 'None', 'use_colors': 'True', 'use_experimental_parser': 'False', 'no_print': 'None', 'quiet': 'False', 'empty': 'None', 'warn_error_options': 'WarnErrorOptions(include=[], exclude=[])', 'invocation_command': 'dbt init --no-version-check --skip-profile-setup dbt_project', 'log_format': 'default', 'static_parser': 'True', 'target_path': 'None', 'introspect': 'True', 'send_anonymous_usage_stats': 'True'}
[0m02:44:56.725229 [debug] [MainThread]: Starter project path: /Users/pratiksharao/Desktop/Tech4Dev/Hack4Impact/Onboard-Mate/.venv/lib/python3.12/site-packages/dbt/include/starter_project
[0m02:44:56.730690 [info ] [MainThread]: 
Your new dbt project "dbt_project" was created!

For more information on how to configure the profiles.yml file,
please consult the dbt documentation here:

  https://docs.getdbt.com/docs/configure-your-profile

One more thing:

Need help? Don't hesitate to reach out to us via GitHub issues or on Slack:

  https://community.getdbt.com/

Happy modeling!

[0m02:44:56.732180 [debug] [MainThread]: Resource report: {"command_name": "init", "command_success": true, "command_wall_clock_time": 0.055042706, "process_user_time": 0.585433, "process_kernel_time": 0.090271, "process_mem_max_rss": "92176384", "process_in_blocks": "0", "process_out_blocks": "0"}
[0m02:44:56.732470 [debug] [MainThread]: Command `dbt init` succeeded at 02:44:56.732418 after 0.06 seconds
[0m02:44:56.732650 [debug] [MainThread]: Sending event: {'category': 'dbt', 'action': 'invocation', 'label': 'end', 'context': [<snowplow_tracker.self_describing_json.SelfDescribingJson object at 0x108c2ce90>, <snowplow_tracker.self_describing_json.SelfDescribingJson object at 0x107561e80>, <snowplow_tracker.self_describing_json.SelfDescribingJson object at 0x108ae4fe0>]}
[0m02:44:56.732818 [debug] [MainThread]: Flushing usage events
[0m03:23:56.106286 [debug] [MainThread]: Sending event: {'category': 'dbt', 'action': 'invocation', 'label': 'start', 'context': [<snowplow_tracker.self_describing_json.SelfDescribingJson object at 0x105c96ae0>, <snowplow_tracker.self_describing_json.SelfDescribingJson object at 0x10696d940>, <snowplow_tracker.self_describing_json.SelfDescribingJson object at 0x10696d610>]}


============================== 03:23:56.109871 | 31d0bf5c-82a8-46c7-8fe1-6caf3703a3df ==============================
[0m03:23:56.109871 [info ] [MainThread]: Running with dbt=1.8.7
[0m03:23:56.110337 [debug] [MainThread]: running dbt with arguments {'printer_width': '80', 'indirect_selection': 'eager', 'log_cache_events': 'False', 'write_json': 'True', 'partial_parse': 'True', 'cache_selected_only': 'False', 'profiles_dir': '/Users/pratiksharao/.dbt', 'fail_fast': 'False', 'debug': 'False', 'log_path': 'logs', 'version_check': 'False', 'warn_error': 'None', 'use_colors': 'True', 'use_experimental_parser': 'False', 'empty': 'None', 'quiet': 'False', 'no_print': 'None', 'log_format': 'default', 'static_parser': 'True', 'invocation_command': 'dbt init --no-version-check --skip-profile-setup dbt_project', 'warn_error_options': 'WarnErrorOptions(include=[], exclude=[])', 'target_path': 'None', 'introspect': 'True', 'send_anonymous_usage_stats': 'True'}
[0m03:23:56.122521 [debug] [MainThread]: Starter project path: /Users/pratiksharao/Desktop/Tech4Dev/Hack4Impact/Onboard-Mate/.venv/lib/python3.12/site-packages/dbt/include/starter_project
[0m03:23:56.129037 [info ] [MainThread]: 
Your new dbt project "dbt_project" was created!

For more information on how to configure the profiles.yml file,
please consult the dbt documentation here:

  https://docs.getdbt.com/docs/configure-your-profile

One more thing:

Need help? Don't hesitate to reach out to us via GitHub issues or on Slack:

  https://community.getdbt.com/

Happy modeling!

[0m03:23:56.131009 [debug] [MainThread]: Resource report: {"command_name": "init", "command_success": true, "command_wall_clock_time": 0.078492664, "process_user_time": 1.009717, "process_kernel_time": 0.141978, "process_mem_max_rss": "93814784", "process_in_blocks": "0", "process_out_blocks": "0"}
[0m03:23:56.131541 [debug] [MainThread]: Command `dbt init` succeeded at 03:23:56.131446 after 0.08 seconds
[0m03:23:56.131870 [debug] [MainThread]: Sending event: {'category': 'dbt', 'action': 'invocation', 'label': 'end', 'context': [<snowplow_tracker.self_describing_json.SelfDescribingJson object at 0x1010e6bd0>, <snowplow_tracker.self_describing_json.SelfDescribingJson object at 0x105a32330>, <snowplow_tracker.self_describing_json.SelfDescribingJson object at 0x105c96ae0>]}
[0m03:23:56.132161 [debug] [MainThread]: Flushing usage events
[0m03:40:06.764923 [debug] [MainThread]: Sending event: {'category': 'dbt', 'action': 'invocation', 'label': 'start', 'context': [<snowplow_tracker.self_describing_json.SelfDescribingJson object at 0x107256de0>, <snowplow_tracker.self_describing_json.SelfDescribingJson object at 0x11a725af0>, <snowplow_tracker.self_describing_json.SelfDescribingJson object at 0x11a725760>]}


============================== 03:40:06.769074 | b7676cfd-3a15-4f38-b107-54f0c2a28629 ==============================
[0m03:40:06.769074 [info ] [MainThread]: Running with dbt=1.8.7
[0m03:40:06.769639 [debug] [MainThread]: running dbt with arguments {'printer_width': '80', 'indirect_selection': 'eager', 'log_cache_events': 'False', 'write_json': 'True', 'partial_parse': 'True', 'cache_selected_only': 'False', 'warn_error': 'None', 'version_check': 'False', 'profiles_dir': '/Users/pratiksharao/.dbt', 'log_path': 'logs', 'debug': 'False', 'fail_fast': 'False', 'use_colors': 'True', 'use_experimental_parser': 'False', 'empty': 'None', 'quiet': 'False', 'no_print': 'None', 'warn_error_options': 'WarnErrorOptions(include=[], exclude=[])', 'invocation_command': 'dbt init --no-version-check --skip-profile-setup dbt_project', 'introspect': 'True', 'log_format': 'default', 'target_path': 'None', 'static_parser': 'True', 'send_anonymous_usage_stats': 'True'}
[0m03:40:06.781640 [debug] [MainThread]: Starter project path: /Users/pratiksharao/Desktop/Tech4Dev/Hack4Impact/Onboard-Mate/.venv/lib/python3.12/site-packages/dbt/include/starter_project
[0m03:40:06.788551 [info ] [MainThread]: 
Your new dbt project "dbt_project" was created!

For more information on how to configure the profiles.yml file,
please consult the dbt documentation here:

  https://docs.getdbt.com/docs/configure-your-profile

One more thing:

Need help? Don't hesitate to reach out to us via GitHub issues or on Slack:

  https://community.getdbt.com/

Happy modeling!

[0m03:40:06.792853 [debug] [MainThread]: Resource report: {"command_name": "init", "command_success": true, "command_wall_clock_time": 0.08072775, "process_user_time": 0.995308, "process_kernel_time": 0.140566, "process_mem_max_rss": "92602368", "process_in_blocks": "0", "process_out_blocks": "0"}
[0m03:40:06.793376 [debug] [MainThread]: Command `dbt init` succeeded at 03:40:06.793270 after 0.08 seconds
[0m03:40:06.793743 [debug] [MainThread]: Sending event: {'category': 'dbt', 'action': 'invocation', 'label': 'end', 'context': [<snowplow_tracker.self_describing_json.SelfDescribingJson object at 0x105006bd0>, <snowplow_tracker.self_describing_json.SelfDescribingJson object at 0x11a725ac0>, <snowplow_tracker.self_describing_json.SelfDescribingJson object at 0x11a726090>]}
[0m03:40:06.794227 [debug] [MainThread]: Flushing usage events
[0m04:00:32.407202 [debug] [MainThread]: Sending event: {'category': 'dbt', 'action': 'invocation', 'label': 'start', 'context': [<snowplow_tracker.self_describing_json.SelfDescribingJson object at 0x110fa35c0>, <snowplow_tracker.self_describing_json.SelfDescribingJson object at 0x112725a60>, <snowplow_tracker.self_describing_json.SelfDescribingJson object at 0x112725700>]}


============================== 04:00:32.410885 | 39701224-0c18-4400-bdc5-da6d7465edfc ==============================
[0m04:00:32.410885 [info ] [MainThread]: Running with dbt=1.8.7
[0m04:00:32.411390 [debug] [MainThread]: running dbt with arguments {'printer_width': '80', 'indirect_selection': 'eager', 'write_json': 'True', 'log_cache_events': 'False', 'partial_parse': 'True', 'cache_selected_only': 'False', 'warn_error': 'None', 'debug': 'False', 'fail_fast': 'False', 'log_path': 'logs', 'profiles_dir': '/Users/pratiksharao/.dbt', 'version_check': 'False', 'use_colors': 'True', 'use_experimental_parser': 'False', 'no_print': 'None', 'quiet': 'False', 'empty': 'None', 'log_format': 'default', 'introspect': 'True', 'static_parser': 'True', 'invocation_command': 'dbt init --no-version-check --skip-profile-setup dbt_project', 'target_path': 'None', 'warn_error_options': 'WarnErrorOptions(include=[], exclude=[])', 'send_anonymous_usage_stats': 'True'}
[0m04:00:32.423932 [debug] [MainThread]: Starter project path: /Users/pratiksharao/Desktop/Tech4Dev/Hack4Impact/Onboard-Mate/.venv/lib/python3.12/site-packages/dbt/include/starter_project
[0m04:00:32.430118 [info ] [MainThread]: 
Your new dbt project "dbt_project" was created!

For more information on how to configure the profiles.yml file,
please consult the dbt documentation here:

  https://docs.getdbt.com/docs/configure-your-profile

One more thing:

Need help? Don't hesitate to reach out to us via GitHub issues or on Slack:

  https://community.getdbt.com/

Happy modeling!

[0m04:00:32.431939 [debug] [MainThread]: Resource report: {"command_name": "init", "command_success": true, "command_wall_clock_time": 0.08217975, "process_user_time": 0.98814, "process_kernel_time": 0.136983, "process_mem_max_rss": "92192768", "process_in_blocks": "0", "process_out_blocks": "0"}
[0m04:00:32.432414 [debug] [MainThread]: Command `dbt init` succeeded at 04:00:32.432324 after 0.08 seconds
[0m04:00:32.432708 [debug] [MainThread]: Sending event: {'category': 'dbt', 'action': 'invocation', 'label': 'end', 'context': [<snowplow_tracker.self_describing_json.SelfDescribingJson object at 0x1123ed8e0>, <snowplow_tracker.self_describing_json.SelfDescribingJson object at 0x110fa35c0>, <snowplow_tracker.self_describing_json.SelfDescribingJson object at 0x111f7eb70>]}
[0m04:00:32.432994 [debug] [MainThread]: Flushing usage events
[0m04:11:22.747891 [debug] [MainThread]: Sending event: {'category': 'dbt', 'action': 'invocation', 'label': 'start', 'context': [<snowplow_tracker.self_describing_json.SelfDescribingJson object at 0x10770a780>, <snowplow_tracker.self_describing_json.SelfDescribingJson object at 0x1080a5940>, <snowplow_tracker.self_describing_json.SelfDescribingJson object at 0x1080a55b0>]}


============================== 04:11:22.751507 | 7117b558-685c-450c-860b-5f04c7eedded ==============================
[0m04:11:22.751507 [info ] [MainThread]: Running with dbt=1.8.7
[0m04:11:22.751985 [debug] [MainThread]: running dbt with arguments {'printer_width': '80', 'indirect_selection': 'eager', 'write_json': 'True', 'log_cache_events': 'False', 'partial_parse': 'True', 'cache_selected_only': 'False', 'profiles_dir': '/Users/pratiksharao/.dbt', 'version_check': 'False', 'fail_fast': 'False', 'log_path': 'logs', 'warn_error': 'None', 'debug': 'False', 'use_colors': 'True', 'use_experimental_parser': 'False', 'no_print': 'None', 'quiet': 'False', 'empty': 'None', 'log_format': 'default', 'invocation_command': 'dbt init --no-version-check --skip-profile-setup dbt_project', 'warn_error_options': 'WarnErrorOptions(include=[], exclude=[])', 'static_parser': 'True', 'target_path': 'None', 'introspect': 'True', 'send_anonymous_usage_stats': 'True'}
[0m04:11:22.764245 [debug] [MainThread]: Starter project path: /Users/pratiksharao/Desktop/Tech4Dev/Hack4Impact/Onboard-Mate/.venv/lib/python3.12/site-packages/dbt/include/starter_project
[0m04:11:22.770479 [info ] [MainThread]: 
Your new dbt project "dbt_project" was created!

For more information on how to configure the profiles.yml file,
please consult the dbt documentation here:

  https://docs.getdbt.com/docs/configure-your-profile

One more thing:

Need help? Don't hesitate to reach out to us via GitHub issues or on Slack:

  https://community.getdbt.com/

Happy modeling!

[0m04:11:22.772306 [debug] [MainThread]: Resource report: {"command_name": "init", "command_success": true, "command_wall_clock_time": 0.07822404, "process_user_time": 0.990186, "process_kernel_time": 0.13466, "process_mem_max_rss": "92667904", "process_in_blocks": "0", "process_out_blocks": "0"}
[0m04:11:22.772797 [debug] [MainThread]: Command `dbt init` succeeded at 04:11:22.772707 after 0.08 seconds
[0m04:11:22.773085 [debug] [MainThread]: Sending event: {'category': 'dbt', 'action': 'invocation', 'label': 'end', 'context': [<snowplow_tracker.self_describing_json.SelfDescribingJson object at 0x1071cf140>, <snowplow_tracker.self_describing_json.SelfDescribingJson object at 0x107ba2330>, <snowplow_tracker.self_describing_json.SelfDescribingJson object at 0x10770a780>]}
[0m04:11:22.773367 [debug] [MainThread]: Flushing usage events
[0m05:04:37.967704 [debug] [MainThread]: Sending event: {'category': 'dbt', 'action': 'invocation', 'label': 'start', 'context': [<snowplow_tracker.self_describing_json.SelfDescribingJson object at 0x1057b0740>, <snowplow_tracker.self_describing_json.SelfDescribingJson object at 0x106a09a90>, <snowplow_tracker.self_describing_json.SelfDescribingJson object at 0x10672b080>]}


============================== 05:04:37.971476 | 643af90c-cc62-40cc-ae9f-5befaadb3dbc ==============================
[0m05:04:37.971476 [info ] [MainThread]: Running with dbt=1.8.7
[0m05:04:37.971947 [debug] [MainThread]: running dbt with arguments {'printer_width': '80', 'indirect_selection': 'eager', 'write_json': 'True', 'log_cache_events': 'False', 'partial_parse': 'True', 'cache_selected_only': 'False', 'profiles_dir': '/Users/pratiksharao/.dbt', 'debug': 'False', 'warn_error': 'None', 'log_path': 'logs', 'fail_fast': 'False', 'version_check': 'False', 'use_colors': 'True', 'use_experimental_parser': 'False', 'empty': 'None', 'quiet': 'False', 'no_print': 'None', 'log_format': 'default', 'invocation_command': 'dbt init --no-version-check --skip-profile-setup dbt_project', 'static_parser': 'True', 'introspect': 'True', 'target_path': 'None', 'warn_error_options': 'WarnErrorOptions(include=[], exclude=[])', 'send_anonymous_usage_stats': 'True'}
[0m05:04:37.984075 [debug] [MainThread]: Starter project path: /Users/pratiksharao/Desktop/Tech4Dev/Hack4Impact/Onboard-Mate/.venv/lib/python3.12/site-packages/dbt/include/starter_project
[0m05:04:37.990204 [info ] [MainThread]: 
Your new dbt project "dbt_project" was created!

For more information on how to configure the profiles.yml file,
please consult the dbt documentation here:

  https://docs.getdbt.com/docs/configure-your-profile

One more thing:

Need help? Don't hesitate to reach out to us via GitHub issues or on Slack:

  https://community.getdbt.com/

Happy modeling!

[0m05:04:37.992138 [debug] [MainThread]: Resource report: {"command_name": "init", "command_success": true, "command_wall_clock_time": 0.07905541, "process_user_time": 1.021556, "process_kernel_time": 0.152165, "process_mem_max_rss": "91537408", "process_in_blocks": "0", "process_out_blocks": "0"}
[0m05:04:37.992633 [debug] [MainThread]: Command `dbt init` succeeded at 05:04:37.992543 after 0.08 seconds
[0m05:04:37.992938 [debug] [MainThread]: Sending event: {'category': 'dbt', 'action': 'invocation', 'label': 'end', 'context': [<snowplow_tracker.self_describing_json.SelfDescribingJson object at 0x106a09a90>, <snowplow_tracker.self_describing_json.SelfDescribingJson object at 0x1065b21e0>, <snowplow_tracker.self_describing_json.SelfDescribingJson object at 0x10642fa40>]}
[0m05:04:37.993227 [debug] [MainThread]: Flushing usage events
